0 info it worked if it ends with ok
1 verbose cli [ 'node',
1 verbose cli   '/Users/z/.nvm/versions/node/v0.12.2/bin/npm',
1 verbose cli   'run',
1 verbose cli   'watch' ]
2 info using npm@2.8.4
3 info using node@v0.12.2
4 verbose stack Error: missing script: watch
4 verbose stack     at run (/Users/z/.nvm/versions/node/v0.12.2/lib/node_modules/npm/lib/run-script.js:165:19)
4 verbose stack     at /Users/z/.nvm/versions/node/v0.12.2/lib/node_modules/npm/lib/run-script.js:81:5
4 verbose stack     at /Users/z/.nvm/versions/node/v0.12.2/lib/node_modules/npm/node_modules/read-package-json/read-json.js:345:5
4 verbose stack     at checkBinReferences_ (/Users/z/.nvm/versions/node/v0.12.2/lib/node_modules/npm/node_modules/read-package-json/read-json.js:309:45)
4 verbose stack     at final (/Users/z/.nvm/versions/node/v0.12.2/lib/node_modules/npm/node_modules/read-package-json/read-json.js:343:3)
4 verbose stack     at then (/Users/z/.nvm/versions/node/v0.12.2/lib/node_modules/npm/node_modules/read-package-json/read-json.js:113:5)
4 verbose stack     at /Users/z/.nvm/versions/node/v0.12.2/lib/node_modules/npm/node_modules/read-package-json/read-json.js:297:29
4 verbose stack     at evalmachine.<anonymous>:263:20
4 verbose stack     at OpenReq.Req.done (/Users/z/.nvm/versions/node/v0.12.2/lib/node_modules/npm/node_modules/graceful-fs/graceful-fs.js:141:5)
4 verbose stack     at OpenReq.done (/Users/z/.nvm/versions/node/v0.12.2/lib/node_modules/npm/node_modules/graceful-fs/graceful-fs.js:61:22)
5 verbose cwd /Users/z/projects/marut
6 error Darwin 14.0.0
7 error argv "node" "/Users/z/.nvm/versions/node/v0.12.2/bin/npm" "run" "watch"
8 error node v0.12.2
9 error npm  v2.8.4
10 error missing script: watch
11 error If you need help, you may report this error at:
11 error     <https://github.com/npm/npm/issues>
12 verbose exit [ 1, true ]
